000: 04D90055D504C355D5AF23FD62761399
010: 7F04158980FE121A0463322E862353FE
020: AE04A34302AEB820B080BD0004A3FD37
030: ADC63504A3FE525597863CA7B820F067
040: A0F64504A3B821A0FE43047250AE04A3
050: 4384AE04A3865C430805045E431053FC
060: AE04A3D269B28F04A3FD37AD96A3B824
070: F003FFA0C67E03FDF684A5B504A3FE53
080: BFAE04A3B822F067A0A5E68DB504A3B8
090: 23F0B822A0FE53DF4340AEB824B00BBD
0A0: 00A505FCC6A8ECAFF9C6AFE9AF99BFEA
0B0: C0EBC0BB09B82BF0B82ED0B82BA03702
0C0: FFC593AF23FD62FED2D2430153FBAE15
0D0: 04C053BF4320A504CAD527A9AABB09AC
0E0: ADAEC5B82AA0B82FA037BC00B825A0B8
0F0: 26A0A5B599BF23FD6255250544D0B81E
100: F09206720883241E5377A0B821F03213
110: 00AC83B81CB0FFB819B06489408353EF
120: A0058314FE74C7963054F0F954F654F0
130: BA7FBF00BB00891EFA3A345DFA97A767
140: AAF6388AFF99EF345D891E99F7345D89
150: 1E99FB345D891E99FD345D44C0083796
160: 66FB0308AB83BE089767ADF6721BFDEE
170: 68831FB925F1DBC689B926F1DBC6A5B8
180: 29FBA0FC4320AC246DFC4380ACB827F0
190: C66DB69AFC537FAC247F03FFA0966DB8
1A0: 2AB00124BFFC4340ACB828F0C66DB6B6
1B0: FC53BFAC247F03FFA0966DB82AB002B9
1C0: 2CB184545A54F674F0246D24FBFF03FD
1D0: F6CBFCB2D9440324EE53DFB82AB000B8
1E0: 29ACF2D7B925F0A1B827B0034417537F
1F0: ACB926F0A1B828B003441EB82AB000FC
200: 53DFACF214B825B0FFB82AF012104417
210: B0004417537FACFCD225B826B0FFB82A
220: F0322A442C53BFAC442CB000FC443124
230: 23B82AF0C62FB82CF0C64603FFA0962F
240: B82DB00D2423B82DF0C65003FFA02423
250: B81EF04320A074F04440FBE3B82FA9F2
260: 7ED26DF0B268F983F90334E383F0D27A
270: B27692764466F9535F83F9531F83D296
280: B291928AF07753304983F0B291F90308
290: A9F903E2E383B2A7F0D3FFD2A1F90310
2A0: 83B266F9032083F0D3FFD2B029D31029
2B0: B2B629D320295370D3609666F9030883
2C0: 89010967F6CCBB07BE01347224CDFFFF
2D0: B900B800E8D4E9D4890109530177B82F
2E0: A02423FFFFFFFFFFFFFFFFFFFFFFFFFF
2F0: B81EF0B2F283B823A0B81EF04320A083
300: 86858484838281808C3534338B8A91FF
310: 79747265777193FF6A686766647361FF
320: 2CF56E627663787A878889C7C8C9CACB
330: 373839308D3DF0A075696F70F18EFF92
340: 6B6CF2F3A5F4A6FF2E2FB1AEAFABA7A1
350: CCCDCECFB0ACA8A2FFFFA4AAA5ADA9A3
360: 3CFF3E3F29FFFF232425FF262A28FFFF
370: FF2BFFC6D6E6F6FFFFFFFF8F9FAFBFFF
380: FFFF083738392D0D7F3435362C313233
390: 0A302E20FFFFFFFFFFFFFFFFFFFFFFFF
3A0: FFFFFFFFFFFFFFFFFFFFFFFFFFFFFFFF
3B0: FFFFFFFFFFFFFFFFFFFFFFFFFFFFFFFF
3C0: FFFFFFFFFFFFFF8921093753217736D2
3D0: 432056D64340B82F20D08596DE953783
3E0: FFFFFFFFFFFFFFFFFFFFFFFFFFFFFFFF
3F0: FC12F483B819B002B81CB000894083FF
400: FFFFFFFFFFFFFFFFFFFFFFFFFFFFFFFF
410: FFFFFFFFFFFFFFFFFFFFFFFFFFFFFFFF
420: FFFFFFFFFFFFFFFFFFFFFFFFFFFFFFFF
430: FFFFFFFFFFFFFFFFFFFFFFFFFFFFFFFF
440: FFFFFFFFFFFFFFFFFFFFFFFFFFFFFFFF
450: FFFFFFFFFFFFFFFFFFFFFFFFFFFFFFFF
460: FFFFFFFFFFFFFFFFFFFFFFFFFFFFFFFF
470: FFFFFFFFFFFFFFFFFFFFFFFFFFFFFFFF
480: FFFFFFFFFFFFFFFFFFFFFFFFFFFFFFFF
490: FFFFFFFFFFFFFFFFFFFFFFFFFFFFFFFF
4A0: FFFFFFFFFFFFFFFFFFFFFFFFFFFFFFFF
4B0: FFFFFFFFFFFFFFFFFFFFFFFFFFFFFFFF
4C0: FFFFFFFFFFFFFFFFFFFFFFFFFFFFFFFF
4D0: FFFFFFFFFFFFFFFFFFFFFFFFFFFFFFFF
4E0: FFFFFFFFFFFFFFFFFFFFFFFFFFFFFFFF
4F0: FFFFFFFFFFFFFFFFFFFFFFFFFFFFFFFF
500: FFFFFFFFFFFFFFFFFFFFFFFFFFFFFFFF
510: FFFFFFFFFFFFFFFFFFFFFFFFFFFFFFFF
520: FFFFFFFFFFFFFFFFFFFFFFFFFFFFFFFF
530: FFFFFFFFFFFFFFFFFFFFFFFFFFFFFFFF
540: FFFFFFFFFFFFFFFFFFFFFFFFFFFFFFFF
550: FFFFFFFFFFFFFFFFFFFFFFFFFFFFFFFF
560: FFFFFFFFFFFFFFFFFFFFFFFFFFFFFFFF
570: FFFFFFFFFFFFFFFFFFFFFFFFFFFFFFFF
580: FFFFFFFFFFFFFFFFFFFFFFFFFFFFFFFF
590: FFFFFFFFFFFFFFFFFFFFFFFFFFFFFFFF
5A0: FFFFFFFFFFFFFFFFFFFFFFFFFFFFFFFF
5B0: FFFFFFFFFFFFFFFFFFFFFFFFFFFFFFFF
5C0: FFFFFFFFFFFFFFFFFFFFFFFFFFFFFFFF
5D0: FFFFFFFFFFFFFFFFFFFFFFFFFFFFFFFF
5E0: FFFFFFFFFFFFFFFFFFFFFFFFFFFFFFFF
5F0: FFFFFFFFFFFFFFFFFFFFFFFFFFFFFFFF
600: FFFFFFFFFFFFFFFFFFFFFFFFFFFFFFFF
610: FFFFFFFFFFFFFFFFFFFFFFFFFFFFFFFF
620: FFFFFFFFFFFFFFFFFFFFFFFFFFFFFFFF
630: FFFFFFFFFFFFFFFFFFFFFFFFFFFFFFFF
640: FFFFFFFFFFFFFFFFFFFFFFFFFFFFFFFF
650: FFFFFFFFFFFFFFFFFFFFFFFFFFFFFFFF
660: FFFFFFFFFFFFFFFFFFFFFFFFFFFFFFFF
670: FFFFFFFFFFFFFFFFFFFFFFFFFFFFFFFF
680: FFFFFFFFFFFFFFFFFFFFFFFFFFFFFFFF
690: FFFFFFFFFFFFFFFFFFFFFFFFFFFFFFFF
6A0: FFFFFFFFFFFFFFFFFFFFFFFFFFFFFFFF
6B0: FFFFFFFFFFFFFFFFFFFFFFFFFFFFFFFF
6C0: FFFFFFFFFFFFFFFFFFFFFFFFFFFFFFFF
6D0: FFFFFFFFFFFFFFFFFFFFFFFFFFFFFFFF
6E0: FFFFFFFFFFFFFFFFFFFFFFFFFFFFFFFF
6F0: FFFFFFFFFFFFFFFFFFFFFFFFFFFFFFFF
700: FFFFFFFFFFFFFFFFFFFFFFFFFFFFFFFF
710: FFFFFFFFFFFFFFFFFFFFFFFFFFFFFFFF
720: FFFFFFFFFFFFFFFFFFFFFFFFFFFFFFFF
730: FFFFFFFFFFFFFFFFFFFFFFFFFFFFFFFF
740: FFFFFFFFFFFFFFFFFFFFFFFFFFFFFFFF
750: FFFFFFFFFFFFFFFFFFFFFFFFFFFFFFFF
760: FFFFFFFFFFFFFFFFFFFFFFFFFFFFFFFF
770: FFFFFFFFFFFFFFFFFFFFFFFFFFFFFFFF
780: FFFFFFFFFFFFFFFFFFFFFFFFFFFFFFFF
790: FFFFFFFFFFFFFFFFFFFFFFFFFFFFFFFF
7A0: FFFFFFFFFFFFFFFFFFFFFFFFFFFFFFFF
7B0: FFFFFFFFFFFFFFFFFFFFFFFFFFFFFFFF
7C0: FFFFFFFFFFFFFFFFFFFFFFFFFFFFFFFF
7D0: FFFFFFFFFFFFFFFFFFFFFFFFFFFFFFFF
7E0: FFFFFFFFFFFFFFFFFFFFFFFFFFFFFFFF
7F0: FFFFFFFFFFFFFFFFFFFFFFFFFFFFFFFF
