000: 020149819D0000000000000200D60000
010: 00000000000000000021493200000000
020: 002149309904C2F0C299309824C298C0
030: E0C0D0C083C08275D008E8782FF6E599
040: 781FF620E76B20E60A20E50A20E45001
050: B101BD20E55B541F9005DE93782E20E4
060: 02782D540F9006199375D018781EF608
070: E61820E60CE620E61375D008F456F601
080: B1E620E61275D00846F601B175D008B8
090: 2EE775140501B175D008B82EE801B120
0A0: E30F9000A95407937308081520080808
0B0: 08782FE6F8D082D083D0D0D0E032782D
0C0: 76FF08741F46F601B1782D76000874E0
0D0: 56F601B12149C0D075D008758C7CDC3D
0E0: BA55F17AAADD367D08C0E0313620E721
0F0: 75D010BB002ABA0031E51B600874F3B1
100: FEE51BB1FEE51A600874F4B1FEE51AB1
110: FE751B007B00751A007A00D0E0D0D032
120: EB600774F1B1FEEBB1FEEA60E474F2B1
130: FEEAB1FE2111EEB4FF0122EFC39E6007
140: 50032420C39404222175A80075880043
150: 90FF43A0FF43B0FFE4F5D0F275815F51
160: D4C2B5C2B47400F20420E3022167D2B5
170: 7400F20420E3022172740CF2787F75D0
180: 00780379017A08E4F6B6005308B880F7
190: 7803B6004AA601E923F908B880F47803
1A0: 03C4F9E6B50138E923F908B880F518E9
1B0: 03F9E4F6B6002818B802F7787FB6001F
1C0: A601E903F918B802F4787FC423F9E6B5
1D0: 010DE903F918B802F523C4F90821E321
1E0: DF2187E4F4F6B6FFF608B880F67803B6
1F0: FFEDA601E923F908B880F4780303C4F9
200: E6B501DBE923F908B880F518E903F9E4
210: F4F6B6FFCA18B802F6787FB6FFC1A601
220: E903F918B802F4787FC423F9E6B501AF
230: E903F918B802F508DAA79000007E00E4
240: 932EFEA3E583B410F6EE600221DF7480
250: 787F7600180420E7F9D2B5C2B4E254F0
260: C4FE640F60237820918E702108E824D4
270: 20E7F520F31374F0B1FEEEB1FE782D76
280: 0008764075D000419974FF41787A4BDA
290: FE918E60D7D2F3416C75892075B80075
2A0: 8801759840758C7C758DEC75D010C2B4
2B0: D2B5E2540FC4F9C2B5D2B4E2F2540F49
2C0: F975D000D28CD28ED2A8D2A9D2ACD2AF
2D0: D29C41FC32918E702108E824D450F6B8
2E0: 2C1AC2B5C2B4E2F4782C66600FFB7A4B
2F0: DAFEE2F4665B600461AD61874390FF43
300: A000C2B5C2B4782D712BD2B508712B75
310: D0087A55EC20E745EF545F4440FF6E75
320: D000782060AF20F0AC6140E6FEE4CEA2
330: E003CEB392E3F254070420E302612E22
340: 75D008BEFF02EFFEC28CEF044440545F
350: F9FFE7D28C6157D2F0F59961182402FC
360: 75D000E90444305437F977FFE514700B
370: 782EE6D2E6F675D0086118782EE6C2E6
380: F61514617641D9FBE84420542FF87A10
390: E58CDAFEB58C0221497A3CDAFEC2B3D2
3A0: B3918E5390FEC2B3D2B35B60D8FB7A01
3B0: E8C4035478FFEA5B700BEB60C8EA60C5
3C0: 23FA0F61B775D008EEF475D000600AEA
3D0: F45BFBEA56700461DD41FC61F9E90444
3E0: 305437F9EFF7EA66F6EF90042693C2A9
3F0: B1FED2A975D00061BA7E08EF677009E9
400: 2E44305437F961BAE90444305437F9DE
410: EAEA66F6EF900426934480C2A9B1FED2
420: A975D00061BA33393C3E3F3D3A383B49
430: 4C4E4F4D4A484B090C0E0F0D0A081331
440: 3436373532300000191B1A1800005153
450: 54565755525021232426272522202D2E
460: 1C1E1F1D2C2F41434446474542400061
470: 0705065C02030B001416041508012B60
480: 5D5F285E2A2958595A5B17101112E8F5
490: 90C2B3D2B34390FFE590F46622C0E0C0
4A0: D053F0CFE5B0543042F075D010D2B5C2
4B0: B4E2540FC4F8D2B4C2B5E220E402D2F2
4C0: 20E52A540F48F869FD20E62520E741ED
4D0: 20E44E20E56A20F21675D010E8F9F2E5
4E0: F0543053B0CF42B0D0D0D0E032A151A1
4F0: 5A20E7E2E820E60520E705A10820E708
500: BA800281CF1A81CFBA7F0281CF0A81CF
510: 20E6C3E820E70520E6EEA10020E6E1A1
520: 0820E5B2E820E40520E505A13820E508
530: BB800281D61B81D6BB7F0281D60B81D6
540: 20E493E820E50520E4EEA13020E4E1A1
550: 3830F282540F48F869FDC2F220E20F20
560: E33375D010ED20E13D20E06181D620E3
570: FBE820E20520E305A18920E30C75D018
580: BA8002A162151AA16275D018BA7F02A1
590: 62051AA16220E2D4E820E30520E2EAA1
5A0: 7D20E2D9A18920E0C3E820E10520E005
5B0: A1C120E00C75D018BB800281D6151B81
5C0: D675D018BB7F0281D6051B81D620E19C
5D0: E820E00520E1EAA1B520E1D9A1C10212
5E0: 00011413000003110000071000000600
5F0: 0000050000000400000000000016C0D0
600: 75D008CEF4600DF4044440545FF9CEF7
610: EF6E7002F4FED0D02201020408102040
620: 80000000000000000000000000000000
630: 00000000000000000000000000000000
640: 00000000000000000000000000000000
650: 00000000000000000000000000000000
660: 00000000000000000000000000000000
670: 00000000000000000000000000000000
680: 00000000000000000000000000000000
690: 00000000000000000000000000000000
6A0: 00000000000000000000000000000000
6B0: 00000000000000000000000000000000
6C0: 00000000000000000000000000000000
6D0: 00000000000000000000000000000000
6E0: 00000000000000000000000000000000
6F0: 00000000000000000000000000000000
700: 00000000000000000000000000000000
710: 00000000000000000000000000000000
720: 00000000000000000000000000000000
730: 00000000000000000000000000000000
740: 00000000000000000000000000000000
750: 00000000000000000000000000000000
760: 00000000000000000000000000000000
770: 00000000000000000000000000000000
780: 00000000000000000000000000000000
790: 00000000000000000000000000000000
7A0: 00000000000000000000000000000000
7B0: 00000000000000000000000000000000
7C0: 00000000000000000000000000000000
7D0: 00000000000000000000000000000000
7E0: 00000000000000000000000000000000
7F0: 00000000000000000000000000000000
